Arguments: 
  /Users/anthonykumasaka/.nvm/versions/node/v16.15.0/bin/node /opt/homebrew/Cellar/yarn/1.22.19/libexec/bin/yarn.js

PATH: 
  /Users/anthonykumasaka/.nvm/versions/node/v16.15.0/bin:/Users/anthonykumasaka/.rbenv/shims:/Users/anthonykumasaka/.pyenv/shims:/opt/homebrew/bin:/opt/homebrew/sbin:/opt/homebrew/bin:/usr/local/bin:/usr/bin:/bin:/usr/sbin:/sbin:/Applications/Visual Studio Code.app/Contents/Resources/app/bin:/Users/anthonykumasaka/Library/Android/sdk/emulator:/Users/anthonykumasaka/Library/Android/sdk/platform-tools:/Users/anthonykumasaka/Library/Android/sdk/tools/bin:/Users/anthonykumasaka/.android/avd:/Users/anthonykumasaka/.rvm/bin

Yarn version: 
  1.22.19

Node version: 
  16.15.0

Platform: 
  darwin arm64

Trace: 
  Error: 8002821824:error:1408F119:SSL routines:ssl3_get_record:decryption failed or bad record mac:../deps/openssl/openssl/ssl/record/ssl3_record.c:677:

npm manifest: 
  {
    "name": "journey-mobile",
    "version": "1.0.0",
    "main": "node_modules/expo/AppEntry.js",
    "scripts": {
      "start": "expo start",
      "android": "expo start --android",
      "ios": "expo start --ios",
      "web": "expo start --web"
    },
    "dependencies": {
      "expo": "~49.0.15",
      "expo-status-bar": "~1.6.0",
      "react": "18.2.0",
      "react-native": "0.72.6",
      "react-dom": "18.2.0",
      "react-native-web": "~0.19.6",
      "@expo/webpack-config": "^19.0.0"
    },
    "devDependencies": {
      "@babel/core": "^7.20.0"
    },
    "private": true
  }

yarn manifest: 
  No manifest

Lockfile: 
  No lockfile
